This file contains any messages produced by compilers while
running configure, to aid debugging if configure makes a mistake.

It was created by configure, which was
generated by GNU Autoconf 2.68.  Invocation command line was

  $ ./configure 

## --------- ##
## Platform. ##
## --------- ##

hostname = slayer
uname -m = x86_64
uname -r = 5.8.14-arch1-1
uname -s = Linux
uname -v = #1 SMP PREEMPT Wed, 07 Oct 2020 23:59:46 +0000

/usr/bin/uname -p = unknown
/bin/uname -X     = unknown

/bin/arch              = unknown
/usr/bin/arch -k       = unknown
/usr/convex/getsysinfo = unknown
/usr/bin/hostinfo      = unknown
/bin/machine           = unknown
/usr/bin/oslevel       = unknown
/bin/universe          = unknown

PATH: /usr/local/bin
PATH: /usr/local/sbin
PATH: /usr/bin
PATH: /usr/lib/jvm/default/bin
PATH: /usr/bin/site_perl
PATH: /usr/bin/vendor_perl
PATH: /usr/bin/core_perl
PATH: /home/slayer/.local/bin/


## ----------- ##
## Core tests. ##
## ----------- ##

configure:2494: checking for gcc
configure:2510: found /usr/bin/gcc
configure:2521: result: gcc
configure:2750: checking for C compiler version
configure:2759: gcc --version >&5
gcc (GCC) 10.2.0
Copyright (C) 2020 Free Software Foundation, Inc.
This is free software; see the source for copying conditions.  There is NO
warranty; not even for MERCHANTABILITY or FITNESS FOR A PARTICULAR PURPOSE.

configure:2770: $? = 0
configure:2759: gcc -v >&5
Using built-in specs.
COLLECT_GCC=gcc
COLLECT_LTO_WRAPPER=/usr/lib/gcc/x86_64-pc-linux-gnu/10.2.0/lto-wrapper
Target: x86_64-pc-linux-gnu
Configured with: /build/gcc/src/gcc/configure --prefix=/usr --libdir=/usr/lib --libexecdir=/usr/lib --mandir=/usr/share/man --infodir=/usr/share/info --with-bugurl=https://bugs.archlinux.org/ --enable-languages=c,c++,ada,fortran,go,lto,objc,obj-c++,d --with-isl --with-linker-hash-style=gnu --with-system-zlib --enable-__cxa_atexit --enable-cet=auto --enable-checking=release --enable-clocale=gnu --enable-default-pie --enable-default-ssp --enable-gnu-indirect-function --enable-gnu-unique-object --enable-install-libiberty --enable-linker-build-id --enable-lto --enable-multilib --enable-plugin --enable-shared --enable-threads=posix --disable-libssp --disable-libstdcxx-pch --disable-libunwind-exceptions --disable-werror gdc_include_dir=/usr/include/dlang/gdc
Thread model: posix
Supported LTO compression algorithms: zlib zstd
gcc version 10.2.0 (GCC) 
configure:2770: $? = 0
configure:2759: gcc -V >&5
gcc: error: unrecognized command-line option '-V'
gcc: fatal error: no input files
compilation terminated.
configure:2770: $? = 1
configure:2759: gcc -qversion >&5
gcc: error: unrecognized command-line option '-qversion'; did you mean '--version'?
gcc: fatal error: no input files
compilation terminated.
configure:2770: $? = 1
configure:2790: checking whether the C compiler works
configure:2812: gcc    conftest.c  >&5
configure:2816: $? = 0
configure:2864: result: yes
configure:2867: checking for C compiler default output file name
configure:2869: result: a.out
configure:2875: checking for suffix of executables
configure:2882: gcc -o conftest    conftest.c  >&5
configure:2886: $? = 0
configure:2908: result: 
configure:2930: checking whether we are cross compiling
configure:2938: gcc -o conftest    conftest.c  >&5
configure:2942: $? = 0
configure:2949: ./conftest
configure:2953: $? = 0
configure:2941: result: no
configure:2946: checking for suffix of object files
configure:2968: gcc -c   conftest.c >&5
configure:2972: $? = 0
configure:2993: result: o
configure:2997: checking whether we are using the GNU C compiler
configure:3016: gcc -c   conftest.c >&5
configure:3016: $? = 0
configure:3025: result: yes
configure:3034: checking whether gcc accepts -g
configure:3054: gcc -c -g  conftest.c >&5
configure:3054: $? = 0
configure:3095: result: yes
configure:3112: checking for gcc option to accept ISO C89
configure:3176: gcc  -c -g -O2  conftest.c >&5
configure:3176: $? = 0
configure:3189: result: none needed
configure:3215: checking how to run the C preprocessor
configure:3246: gcc -E  conftest.c
configure:3246: $? = 0
configure:3260: gcc -E  conftest.c
conftest.c:9:10: fatal error: ac_nonexistent.h: No such file or directory
    9 | #include <ac_nonexistent.h>
      |          ^~~~~~~~~~~~~~~~~~
compilation terminated.
configure:3260: $? = 1
configure: failed program was:
| /* confdefs.h */
| #define PACKAGE_NAME ""
| #define PACKAGE_TARNAME ""
| #define PACKAGE_VERSION ""
| #define PACKAGE_STRING ""
| #define PACKAGE_BUGREPORT ""
| #define PACKAGE_URL ""
| /* end confdefs.h.  */
| #include <ac_nonexistent.h>
configure:3285: result: gcc -E
configure:3305: gcc -E  conftest.c
configure:3305: $? = 0
configure:3319: gcc -E  conftest.c
conftest.c:9:10: fatal error: ac_nonexistent.h: No such file or directory
    9 | #include <ac_nonexistent.h>
      |          ^~~~~~~~~~~~~~~~~~
compilation terminated.
configure:3319: $? = 1
configure: failed program was:
| /* confdefs.h */
| #define PACKAGE_NAME ""
| #define PACKAGE_TARNAME ""
| #define PACKAGE_VERSION ""
| #define PACKAGE_STRING ""
| #define PACKAGE_BUGREPORT ""
| #define PACKAGE_URL ""
| /* end confdefs.h.  */
| #include <ac_nonexistent.h>
configure:3348: checking for grep that handles long lines and -e
configure:3406: result: /usr/bin/grep
configure:3411: checking for egrep
configure:3473: result: /usr/bin/grep -E
configure:3478: checking for ANSI C header files
configure:3498: gcc -c -g -O2  conftest.c >&5
configure:3498: $? = 0
configure:3571: gcc -o conftest -g -O2   conftest.c  >&5
configure:3571: $? = 0
configure:3571: ./conftest
configure:3571: $? = 0
configure:3582: result: yes
configure:3595: checking for sys/types.h
configure:3595: gcc -c -g -O2  conftest.c >&5
configure:3595: $? = 0
configure:3595: result: yes
configure:3595: checking for sys/stat.h
configure:3595: gcc -c -g -O2  conftest.c >&5
configure:3595: $? = 0
configure:3595: result: yes
configure:3595: checking for stdlib.h
configure:3595: gcc -c -g -O2  conftest.c >&5
configure:3595: $? = 0
configure:3595: result: yes
configure:3595: checking for string.h
configure:3595: gcc -c -g -O2  conftest.c >&5
configure:3595: $? = 0
configure:3595: result: yes
configure:3595: checking for memory.h
configure:3595: gcc -c -g -O2  conftest.c >&5
configure:3595: $? = 0
configure:3595: result: yes
configure:3595: checking for strings.h
configure:3595: gcc -c -g -O2  conftest.c >&5
configure:3595: $? = 0
configure:3595: result: yes
configure:3595: checking for inttypes.h
configure:3595: gcc -c -g -O2  conftest.c >&5
configure:3595: $? = 0
configure:3595: result: yes
configure:3595: checking for stdint.h
configure:3595: gcc -c -g -O2  conftest.c >&5
configure:3595: $? = 0
configure:3595: result: yes
configure:3595: checking for unistd.h
configure:3595: gcc -c -g -O2  conftest.c >&5
configure:3595: $? = 0
configure:3595: result: yes
configure:3608: checking minix/config.h usability
configure:3608: gcc -c -g -O2  conftest.c >&5
conftest.c:52:10: fatal error: minix/config.h: No such file or directory
   52 | #include <minix/config.h>
      |          ^~~~~~~~~~~~~~~~
compilation terminated.
configure:3608: $? = 1
configure: failed program was:
| /* confdefs.h */
| #define PACKAGE_NAME ""
| #define PACKAGE_TARNAME ""
| #define PACKAGE_VERSION ""
| #define PACKAGE_STRING ""
| #define PACKAGE_BUGREPORT ""
| #define PACKAGE_URL ""
| #define STDC_HEADERS 1
| #define HAVE_SYS_TYPES_H 1
| #define HAVE_SYS_STAT_H 1
| #define HAVE_STDLIB_H 1
| #define HAVE_STRING_H 1
| #define HAVE_MEMORY_H 1
| #define HAVE_STRINGS_H 1
| #define HAVE_INTTYPES_H 1
| #define HAVE_STDINT_H 1
| #define HAVE_UNISTD_H 1
| /* end confdefs.h.  */
| #include <stdio.h>
| #ifdef HAVE_SYS_TYPES_H
| # include <sys/types.h>
| #endif
| #ifdef HAVE_SYS_STAT_H
| # include <sys/stat.h>
| #endif
| #ifdef STDC_HEADERS
| # include <stdlib.h>
| # include <stddef.h>
| #else
| # ifdef HAVE_STDLIB_H
| #  include <stdlib.h>
| # endif
| #endif
| #ifdef HAVE_STRING_H
| # if !defined STDC_HEADERS && defined HAVE_MEMORY_H
| #  include <memory.h>
| # endif
| # include <string.h>
| #endif
| #ifdef HAVE_STRINGS_H
| # include <strings.h>
| #endif
| #ifdef HAVE_INTTYPES_H
| # include <inttypes.h>
| #endif
| #ifdef HAVE_STDINT_H
| # include <stdint.h>
| #endif
| #ifdef HAVE_UNISTD_H
| # include <unistd.h>
| #endif
| #include <minix/config.h>
configure:3608: result: no
configure:3608: checking minix/config.h presence
configure:3608: gcc -E  conftest.c
conftest.c:19:10: fatal error: minix/config.h: No such file or directory
   19 | #include <minix/config.h>
      |          ^~~~~~~~~~~~~~~~
compilation terminated.
configure:3608: $? = 1
configure: failed program was:
| /* confdefs.h */
| #define PACKAGE_NAME ""
| #define PACKAGE_TARNAME ""
| #define PACKAGE_VERSION ""
| #define PACKAGE_STRING ""
| #define PACKAGE_BUGREPORT ""
| #define PACKAGE_URL ""
| #define STDC_HEADERS 1
| #define HAVE_SYS_TYPES_H 1
| #define HAVE_SYS_STAT_H 1
| #define HAVE_STDLIB_H 1
| #define HAVE_STRING_H 1
| #define HAVE_MEMORY_H 1
| #define HAVE_STRINGS_H 1
| #define HAVE_INTTYPES_H 1
| #define HAVE_STDINT_H 1
| #define HAVE_UNISTD_H 1
| /* end confdefs.h.  */
| #include <minix/config.h>
configure:3608: result: no
configure:3608: checking for minix/config.h
configure:3608: result: no
configure:3629: checking whether it is safe to define __EXTENSIONS__
configure:3647: gcc -c -g -O2  conftest.c >&5
configure:3647: $? = 0
configure:3654: result: yes
configure:3780: checking build system type
configure:3794: result: x86_64-unknown-linux-gnu
configure:3814: checking host system type
configure:3827: result: x86_64-unknown-linux-gnu
configure:3847: checking target system type
configure:3860: result: x86_64-unknown-linux-gnu
configure:3936: checking for gcc
configure:3963: result: gcc
configure:4192: checking for C compiler version
configure:4201: gcc --version >&5
gcc (GCC) 10.2.0
Copyright (C) 2020 Free Software Foundation, Inc.
This is free software; see the source for copying conditions.  There is NO
warranty; not even for MERCHANTABILITY or FITNESS FOR A PARTICULAR PURPOSE.

configure:4212: $? = 0
configure:4201: gcc -v >&5
Using built-in specs.
COLLECT_GCC=gcc
COLLECT_LTO_WRAPPER=/usr/lib/gcc/x86_64-pc-linux-gnu/10.2.0/lto-wrapper
Target: x86_64-pc-linux-gnu
Configured with: /build/gcc/src/gcc/configure --prefix=/usr --libdir=/usr/lib --libexecdir=/usr/lib --mandir=/usr/share/man --infodir=/usr/share/info --with-bugurl=https://bugs.archlinux.org/ --enable-languages=c,c++,ada,fortran,go,lto,objc,obj-c++,d --with-isl --with-linker-hash-style=gnu --with-system-zlib --enable-__cxa_atexit --enable-cet=auto --enable-checking=release --enable-clocale=gnu --enable-default-pie --enable-default-ssp --enable-gnu-indirect-function --enable-gnu-unique-object --enable-install-libiberty --enable-linker-build-id --enable-lto --enable-multilib --enable-plugin --enable-shared --enable-threads=posix --disable-libssp --disable-libstdcxx-pch --disable-libunwind-exceptions --disable-werror gdc_include_dir=/usr/include/dlang/gdc
Thread model: posix
Supported LTO compression algorithms: zlib zstd
gcc version 10.2.0 (GCC) 
configure:4212: $? = 0
configure:4201: gcc -V >&5
gcc: error: unrecognized command-line option '-V'
gcc: fatal error: no input files
compilation terminated.
configure:4212: $? = 1
configure:4201: gcc -qversion >&5
gcc: error: unrecognized command-line option '-qversion'; did you mean '--version'?
gcc: fatal error: no input files
compilation terminated.
configure:4212: $? = 1
configure:4216: checking whether we are using the GNU C compiler
configure:4244: result: yes
configure:4253: checking whether gcc accepts -g
configure:4314: result: yes
configure:4331: checking for gcc option to accept ISO C89
configure:4408: result: none needed
configure:4486: checking for g++
configure:4502: found /usr/bin/g++
configure:4513: result: g++
configure:4540: checking for C++ compiler version
configure:4549: g++ --version >&5
g++ (GCC) 10.2.0
Copyright (C) 2020 Free Software Foundation, Inc.
This is free software; see the source for copying conditions.  There is NO
warranty; not even for MERCHANTABILITY or FITNESS FOR A PARTICULAR PURPOSE.

configure:4560: $? = 0
configure:4549: g++ -v >&5
Using built-in specs.
COLLECT_GCC=g++
COLLECT_LTO_WRAPPER=/usr/lib/gcc/x86_64-pc-linux-gnu/10.2.0/lto-wrapper
Target: x86_64-pc-linux-gnu
Configured with: /build/gcc/src/gcc/configure --prefix=/usr --libdir=/usr/lib --libexecdir=/usr/lib --mandir=/usr/share/man --infodir=/usr/share/info --with-bugurl=https://bugs.archlinux.org/ --enable-languages=c,c++,ada,fortran,go,lto,objc,obj-c++,d --with-isl --with-linker-hash-style=gnu --with-system-zlib --enable-__cxa_atexit --enable-cet=auto --enable-checking=release --enable-clocale=gnu --enable-default-pie --enable-default-ssp --enable-gnu-indirect-function --enable-gnu-unique-object --enable-install-libiberty --enable-linker-build-id --enable-lto --enable-multilib --enable-plugin --enable-shared --enable-threads=posix --disable-libssp --disable-libstdcxx-pch --disable-libunwind-exceptions --disable-werror gdc_include_dir=/usr/include/dlang/gdc
Thread model: posix
Supported LTO compression algorithms: zlib zstd
gcc version 10.2.0 (GCC) 
configure:4560: $? = 0
configure:4549: g++ -V >&5
g++: error: unrecognized command-line option '-V'
g++: fatal error: no input files
compilation terminated.
configure:4560: $? = 1
configure:4549: g++ -qversion >&5
g++: error: unrecognized command-line option '-qversion'; did you mean '--version'?
g++: fatal error: no input files
compilation terminated.
configure:4560: $? = 1
configure:4564: checking whether we are using the GNU C++ compiler
configure:4583: g++ -c   conftest.cpp >&5
configure:4583: $? = 0
configure:4592: result: yes
configure:4601: checking whether g++ accepts -g
configure:4621: g++ -c -g  conftest.cpp >&5
configure:4621: $? = 0
configure:4662: result: yes
configure:4685: checking for ANSI C header files
configure:4789: result: yes
configure:4799: checking for string.h
configure:4799: result: yes
configure:4819: checking for main in -lXbsd
configure:4838: gcc -o conftest -g -O2   conftest.c -lXbsd   >&5
/usr/bin/ld: cannot find -lXbsd
collect2: error: ld returned 1 exit status
configure:4838: $? = 1
configure: failed program was:
| /* confdefs.h */
| #define PACKAGE_NAME ""
| #define PACKAGE_TARNAME ""
| #define PACKAGE_VERSION ""
| #define PACKAGE_STRING ""
| #define PACKAGE_BUGREPORT ""
| #define PACKAGE_URL ""
| #define STDC_HEADERS 1
| #define HAVE_SYS_TYPES_H 1
| #define HAVE_SYS_STAT_H 1
| #define HAVE_STDLIB_H 1
| #define HAVE_STRING_H 1
| #define HAVE_MEMORY_H 1
| #define HAVE_STRINGS_H 1
| #define HAVE_INTTYPES_H 1
| #define HAVE_STDINT_H 1
| #define HAVE_UNISTD_H 1
| #define __EXTENSIONS__ 1
| #define _ALL_SOURCE 1
| #define _GNU_SOURCE 1
| #define _POSIX_PTHREAD_SEMANTICS 1
| #define _TANDEM_SOURCE 1
| #define STDC_HEADERS 1
| #define HAVE_STRING_H 1
| /* end confdefs.h.  */
| 
| 
| int
| main ()
| {
| return main ();
|   ;
|   return 0;
| }
configure:4847: result: no
configure:4853: checking for socket in -lsocket
configure:4878: gcc -o conftest -g -O2   conftest.c -lsocket   >&5
/usr/bin/ld: cannot find -lsocket
collect2: error: ld returned 1 exit status
configure:4878: $? = 1
configure: failed program was:
| /* confdefs.h */
| #define PACKAGE_NAME ""
| #define PACKAGE_TARNAME ""
| #define PACKAGE_VERSION ""
| #define PACKAGE_STRING ""
| #define PACKAGE_BUGREPORT ""
| #define PACKAGE_URL ""
| #define STDC_HEADERS 1
| #define HAVE_SYS_TYPES_H 1
| #define HAVE_SYS_STAT_H 1
| #define HAVE_STDLIB_H 1
| #define HAVE_STRING_H 1
| #define HAVE_MEMORY_H 1
| #define HAVE_STRINGS_H 1
| #define HAVE_INTTYPES_H 1
| #define HAVE_STDINT_H 1
| #define HAVE_UNISTD_H 1
| #define __EXTENSIONS__ 1
| #define _ALL_SOURCE 1
| #define _GNU_SOURCE 1
| #define _POSIX_PTHREAD_SEMANTICS 1
| #define _TANDEM_SOURCE 1
| #define STDC_HEADERS 1
| #define HAVE_STRING_H 1
| /* end confdefs.h.  */
| 
| /* Override any GCC internal prototype to avoid an error.
|    Use char because int might match the return type of a GCC
|    builtin and then its argument prototype would still apply.  */
| #ifdef __cplusplus
| extern "C"
| #endif
| char socket ();
| int
| main ()
| {
| return socket ();
|   ;
|   return 0;
| }
configure:4887: result: no
configure:4893: checking for gethostbyname in -lnsl
configure:4918: gcc -o conftest -g -O2   conftest.c -lnsl   >&5
configure:4918: $? = 0
configure:4927: result: yes
configure:4933: checking for dcgettext in -lintl
configure:4958: gcc -o conftest -g -O2   conftest.c -lintl   >&5
conftest.c:33:6: warning: conflicting types for built-in function 'dcgettext'; expected 'char *(const char *, const char *, int)' [-Wbuiltin-declaration-mismatch]
   33 | char dcgettext ();
      |      ^~~~~~~~~
/usr/bin/ld: cannot find -lintl
collect2: error: ld returned 1 exit status
configure:4958: $? = 1
configure: failed program was:
| /* confdefs.h */
| #define PACKAGE_NAME ""
| #define PACKAGE_TARNAME ""
| #define PACKAGE_VERSION ""
| #define PACKAGE_STRING ""
| #define PACKAGE_BUGREPORT ""
| #define PACKAGE_URL ""
| #define STDC_HEADERS 1
| #define HAVE_SYS_TYPES_H 1
| #define HAVE_SYS_STAT_H 1
| #define HAVE_STDLIB_H 1
| #define HAVE_STRING_H 1
| #define HAVE_MEMORY_H 1
| #define HAVE_STRINGS_H 1
| #define HAVE_INTTYPES_H 1
| #define HAVE_STDINT_H 1
| #define HAVE_UNISTD_H 1
| #define __EXTENSIONS__ 1
| #define _ALL_SOURCE 1
| #define _GNU_SOURCE 1
| #define _POSIX_PTHREAD_SEMANTICS 1
| #define _TANDEM_SOURCE 1
| #define STDC_HEADERS 1
| #define HAVE_STRING_H 1
| /* end confdefs.h.  */
| 
| /* Override any GCC internal prototype to avoid an error.
|    Use char because int might match the return type of a GCC
|    builtin and then its argument prototype would still apply.  */
| #ifdef __cplusplus
| extern "C"
| #endif
| char dcgettext ();
| int
| main ()
| {
| return dcgettext ();
|   ;
|   return 0;
| }
configure:4967: result: no
configure:4973: checking for getnodebyname in -ldnet_stub
configure:4998: gcc -o conftest -g -O2   conftest.c -ldnet_stub   >&5
/usr/bin/ld: cannot find -ldnet_stub
collect2: error: ld returned 1 exit status
configure:4998: $? = 1
configure: failed program was:
| /* confdefs.h */
| #define PACKAGE_NAME ""
| #define PACKAGE_TARNAME ""
| #define PACKAGE_VERSION ""
| #define PACKAGE_STRING ""
| #define PACKAGE_BUGREPORT ""
| #define PACKAGE_URL ""
| #define STDC_HEADERS 1
| #define HAVE_SYS_TYPES_H 1
| #define HAVE_SYS_STAT_H 1
| #define HAVE_STDLIB_H 1
| #define HAVE_STRING_H 1
| #define HAVE_MEMORY_H 1
| #define HAVE_STRINGS_H 1
| #define HAVE_INTTYPES_H 1
| #define HAVE_STDINT_H 1
| #define HAVE_UNISTD_H 1
| #define __EXTENSIONS__ 1
| #define _ALL_SOURCE 1
| #define _GNU_SOURCE 1
| #define _POSIX_PTHREAD_SEMANTICS 1
| #define _TANDEM_SOURCE 1
| #define STDC_HEADERS 1
| #define HAVE_STRING_H 1
| /* end confdefs.h.  */
| 
| /* Override any GCC internal prototype to avoid an error.
|    Use char because int might match the return type of a GCC
|    builtin and then its argument prototype would still apply.  */
| #ifdef __cplusplus
| extern "C"
| #endif
| char getnodebyname ();
| int
| main ()
| {
| return getnodebyname ();
|   ;
|   return 0;
| }
configure:5007: result: no
configure:5053: checking that g++ can handle -O2
configure:5074: gcc -c -g -O2  conftest.c >&5
conftest.c: In function 'main':
conftest.c:32:3: error: 'error' undeclared (first use in this function)
   32 |   error
      |   ^~~~~
conftest.c:32:3: note: each undeclared identifier is reported only once for each function it appears in
conftest.c:32:8: error: expected ';' before 'int'
   32 |   error
      |        ^
      |        ;
......
   36 |   int error;
      |   ~~~   
configure:5074: $? = 1
configure: failed program was:
| /* confdefs.h */
| #define PACKAGE_NAME ""
| #define PACKAGE_TARNAME ""
| #define PACKAGE_VERSION ""
| #define PACKAGE_STRING ""
| #define PACKAGE_BUGREPORT ""
| #define PACKAGE_URL ""
| #define STDC_HEADERS 1
| #define HAVE_SYS_TYPES_H 1
| #define HAVE_SYS_STAT_H 1
| #define HAVE_STDLIB_H 1
| #define HAVE_STRING_H 1
| #define HAVE_MEMORY_H 1
| #define HAVE_STRINGS_H 1
| #define HAVE_INTTYPES_H 1
| #define HAVE_STDINT_H 1
| #define HAVE_UNISTD_H 1
| #define __EXTENSIONS__ 1
| #define _ALL_SOURCE 1
| #define _GNU_SOURCE 1
| #define _POSIX_PTHREAD_SEMANTICS 1
| #define _TANDEM_SOURCE 1
| #define STDC_HEADERS 1
| #define HAVE_STRING_H 1
| /* end confdefs.h.  */
| 
| int
| main ()
| {
| #if __GNUC__ < 2  || __GNUC_MINOR__ < 8
| 		/* gcc */
| 		error
| 		#endif
| 		#if __GNUC_MINOR__ < 92
| 		/* egcs */
| 		int error;
| 		#endif
| 
|   ;
|   return 0;
| }
configure:5080: result: no
configure:5195: checking if C++ libraries work without any namespace
configure:5211: g++ -c -g -O2  conftest.cpp >&5
conftest.cpp: In function 'int main()':
conftest.cpp:31:1: error: 'cout' was not declared in this scope; did you mean 'std::cout'?
   31 | cout.fail();
      | ^~~~
      | std::cout
In file included from conftest.cpp:26:
/usr/include/c++/10.2.0/iostream:61:18: note: 'std::cout' declared here
   61 |   extern ostream cout;  /// Linked to standard output
      |                  ^~~~
configure:5211: $? = 1
configure: failed program was:
| /* confdefs.h */
| #define PACKAGE_NAME ""
| #define PACKAGE_TARNAME ""
| #define PACKAGE_VERSION ""
| #define PACKAGE_STRING ""
| #define PACKAGE_BUGREPORT ""
| #define PACKAGE_URL ""
| #define STDC_HEADERS 1
| #define HAVE_SYS_TYPES_H 1
| #define HAVE_SYS_STAT_H 1
| #define HAVE_STDLIB_H 1
| #define HAVE_STRING_H 1
| #define HAVE_MEMORY_H 1
| #define HAVE_STRINGS_H 1
| #define HAVE_INTTYPES_H 1
| #define HAVE_STDINT_H 1
| #define HAVE_UNISTD_H 1
| #define __EXTENSIONS__ 1
| #define _ALL_SOURCE 1
| #define _GNU_SOURCE 1
| #define _POSIX_PTHREAD_SEMANTICS 1
| #define _TANDEM_SOURCE 1
| #define STDC_HEADERS 1
| #define HAVE_STRING_H 1
| /* end confdefs.h.  */
| #include <iostream>
| 
| int
| main ()
| {
| cout.fail();
| 
|   ;
|   return 0;
| }
configure:5217: result: no
configure:5225: checking if C++ libraries work with namespace std
configure:5241: g++ -c -g -O2  conftest.cpp >&5
configure:5241: $? = 0
configure:5242: result: yes
configure:5256: checking if STL works without any namespace
configure:5271: g++ -c -g -O2  conftest.cpp >&5
conftest.cpp: In function 'int main()':
conftest.cpp:31:1: error: 'list' was not declared in this scope; did you mean 'std::__cxx11::list'?
   31 | list<int> test;
      | ^~~~
      | std::__cxx11::list
In file included from /usr/include/c++/10.2.0/list:63,
                 from conftest.cpp:26:
/usr/include/c++/10.2.0/bits/stl_list.h:556:11: note: 'std::__cxx11::list' declared here
  556 |     class list : protected _List_base<_Tp, _Alloc>
      |           ^~~~
conftest.cpp:31:6: error: expected primary-expression before 'int'
   31 | list<int> test;
      |      ^~~
configure:5271: $? = 1
configure: failed program was:
| /* confdefs.h */
| #define PACKAGE_NAME ""
| #define PACKAGE_TARNAME ""
| #define PACKAGE_VERSION ""
| #define PACKAGE_STRING ""
| #define PACKAGE_BUGREPORT ""
| #define PACKAGE_URL ""
| #define STDC_HEADERS 1
| #define HAVE_SYS_TYPES_H 1
| #define HAVE_SYS_STAT_H 1
| #define HAVE_STDLIB_H 1
| #define HAVE_STRING_H 1
| #define HAVE_MEMORY_H 1
| #define HAVE_STRINGS_H 1
| #define HAVE_INTTYPES_H 1
| #define HAVE_STDINT_H 1
| #define HAVE_UNISTD_H 1
| #define __EXTENSIONS__ 1
| #define _ALL_SOURCE 1
| #define _GNU_SOURCE 1
| #define _POSIX_PTHREAD_SEMANTICS 1
| #define _TANDEM_SOURCE 1
| #define STDC_HEADERS 1
| #define HAVE_STRING_H 1
| /* end confdefs.h.  */
| #include <list>
| 
| int
| main ()
| {
| list<int> test;
| 
|   ;
|   return 0;
| }
configure:5277: result: no
configure:5285: checking if STL works with namespace std
configure:5301: g++ -c -g -O2  conftest.cpp >&5
configure:5301: $? = 0
configure:5302: result: yes
configure:5352: checking should use STL
configure:5376: result: yes
configure:5622: checking for tcl.h
configure:5673: result: -I../include
configure:5679: checking for tclInt.h
configure:5730: result: -I../include
configure:5736: checking for libtcl8.6
configure:5798: result: -L/usr/lib64 -ltcl8.6
configure:5804: checking for init.tcl
configure:5841: result: ../lib/tcl8.5
configure:5859: checking for http.tcl
configure:5896: result: ../lib/tcl8.5/http1.0
configure:5901: checking Tcl http.tcl library
configure:5905: result: yes
configure:5926: checking for tclsh8.6.10
configure:5959: result: no
configure:5926: checking for tclsh8.6
configure:5944: found /bin/tclsh8.6
configure:5956: result: /bin/tclsh8.6
configure:6187: checking for tk.h
configure:6238: result: -I../include
configure:6244: checking for libtk8.6
configure:6306: result: -L/usr/lib64 -ltk8.6
configure:6312: checking for tk.tcl
configure:6349: result: ../lib/tk8.5
configure:6437: checking for otcl.h
configure:6488: result: -I../otcl
configure:6494: checking for libotcl1.14
configure:6556: result: -L../otcl -lotcl
configure:6669: checking for tclcl.h
configure:6720: result: -I../tclcl-1.20
configure:6726: checking for libtclcl
configure:6788: result: -L../tclcl-1.20 -ltclcl
configure:6794: checking for tcl2c++
configure:6831: result: ../tclcl-1.20
configure:7017: gcc -E  conftest.c
configure:7017: $? = 0
configure:7043: checking for XOpenDisplay in -lX11
configure:7068: gcc -o conftest -g -O2   conftest.c -lX11   >&5
configure:7068: $? = 0
configure:7077: result: yes
configure:7103: checking for XShmAttach in -lXext
configure:7128: gcc -o conftest -g -O2   conftest.c -lXext -lX11  >&5
configure:7128: $? = 0
configure:7137: result: yes
configure:7208: checking for libtcldbg
configure:7251: result: no
configure:7350: checking dmalloc
configure:7352: result: not requested with --with-dmalloc
configure:7616: checking for perl
configure:7653: result: /usr/bin
/usr/bin/perl -e require 5.002
configure:7758: checking for ANSI C header files
configure:7862: result: yes
configure:7874: checking arpa/inet.h usability
configure:7874: gcc -c -g -O2  conftest.c >&5
configure:7874: $? = 0
configure:7874: result: yes
configure:7874: checking arpa/inet.h presence
configure:7874: gcc -E  conftest.c
configure:7874: $? = 0
configure:7874: result: yes
configure:7874: checking for arpa/inet.h
configure:7874: result: yes
configure:7874: checking fenv.h usability
configure:7874: gcc -c -g -O2  conftest.c >&5
configure:7874: $? = 0
configure:7874: result: yes
configure:7874: checking fenv.h presence
configure:7874: gcc -E  conftest.c
configure:7874: $? = 0
configure:7874: result: yes
configure:7874: checking for fenv.h
configure:7874: result: yes
configure:7874: checking netinet/in.h usability
configure:7874: gcc -c -g -O2  conftest.c >&5
configure:7874: $? = 0
configure:7874: result: yes
configure:7874: checking netinet/in.h presence
configure:7874: gcc -E  conftest.c
configure:7874: $? = 0
configure:7874: result: yes
configure:7874: checking for netinet/in.h
configure:7874: result: yes
configure:7874: checking for string.h
configure:7874: result: yes
configure:7874: checking for strings.h
configure:7874: result: yes
configure:7874: checking time.h usability
configure:7874: gcc -c -g -O2  conftest.c >&5
configure:7874: $? = 0
configure:7874: result: yes
configure:7874: checking time.h presence
configure:7874: gcc -E  conftest.c
configure:7874: $? = 0
configure:7874: result: yes
configure:7874: checking for time.h
configure:7874: result: yes
configure:7874: checking for unistd.h
configure:7874: result: yes
configure:7874: checking net/ethernet.h usability
configure:7874: gcc -c -g -O2  conftest.c >&5
configure:7874: $? = 0
configure:7874: result: yes
configure:7874: checking net/ethernet.h presence
configure:7874: gcc -E  conftest.c
configure:7874: $? = 0
configure:7874: result: yes
configure:7874: checking for net/ethernet.h
configure:7874: result: yes
configure:7884: checking for main in -lm
configure:7903: gcc -o conftest -g -O2   conftest.c -lm   >&5
configure:7903: $? = 0
configure:7912: result: yes
configure:7928: checking for bcopy
configure:7928: gcc -o conftest -g -O2   conftest.c -lm  >&5
conftest.c:70:6: warning: conflicting types for built-in function 'bcopy'; expected 'void(const void *, void *, long unsigned int)' [-Wbuiltin-declaration-mismatch]
   70 | char bcopy ();
      |      ^~~~~
configure:7928: $? = 0
configure:7928: result: yes
configure:7928: checking for bzero
configure:7928: gcc -o conftest -g -O2   conftest.c -lm  >&5
conftest.c:71:6: warning: conflicting types for built-in function 'bzero'; expected 'void(void *, long unsigned int)' [-Wbuiltin-declaration-mismatch]
   71 | char bzero ();
      |      ^~~~~
configure:7928: $? = 0
configure:7928: result: yes
configure:7928: checking for fesetprecision
configure:7928: gcc -o conftest -g -O2   conftest.c -lm  >&5
/usr/bin/ld: /tmp/ccNaAxUh.o: in function `main':
/home/slayer/workspace/NS2/ns-allinone-2.35/ns-2.35/conftest.c:83: undefined reference to `fesetprecision'
collect2: error: ld returned 1 exit status
configure:7928: $? = 1
configure: failed program was:
| /* confdefs.h */
| #define PACKAGE_NAME ""
| #define PACKAGE_TARNAME ""
| #define PACKAGE_VERSION ""
| #define PACKAGE_STRING ""
| #define PACKAGE_BUGREPORT ""
| #define PACKAGE_URL ""
| #define STDC_HEADERS 1
| #define HAVE_SYS_TYPES_H 1
| #define HAVE_SYS_STAT_H 1
| #define HAVE_STDLIB_H 1
| #define HAVE_STRING_H 1
| #define HAVE_MEMORY_H 1
| #define HAVE_STRINGS_H 1
| #define HAVE_INTTYPES_H 1
| #define HAVE_STDINT_H 1
| #define HAVE_UNISTD_H 1
| #define __EXTENSIONS__ 1
| #define _ALL_SOURCE 1
| #define _GNU_SOURCE 1
| #define _POSIX_PTHREAD_SEMANTICS 1
| #define _TANDEM_SOURCE 1
| #define STDC_HEADERS 1
| #define HAVE_STRING_H 1
| #define HAVE_STL 1
| #define CPP_REQUIRES_NAMESPACE 1
| #define HAVE_TCL_H 1
| #define HAVE_TCLINT_H 1
| #define HAVE_LIBTCL8_6 1
| #define HAVE_TK_H 1
| #define HAVE_LIBTK8_6 1
| #define HAVE_OTCL_H 1
| #define HAVE_LIBOTCL1_14 1
| #define HAVE_TCLCL_H 1
| #define HAVE_LIBTCLCL 1
| #define STDC_HEADERS 1
| #define HAVE_ARPA_INET_H 1
| #define HAVE_FENV_H 1
| #define HAVE_NETINET_IN_H 1
| #define HAVE_STRING_H 1
| #define HAVE_STRINGS_H 1
| #define HAVE_TIME_H 1
| #define HAVE_UNISTD_H 1
| #define HAVE_NET_ETHERNET_H 1
| #define HAVE_LIBM 1
| #define HAVE_BCOPY 1
| #define HAVE_BZERO 1
| /* end confdefs.h.  */
| /* Define fesetprecision to an innocuous variant, in case <limits.h> declares fesetprecision.
|    For example, HP-UX 11i <limits.h> declares gettimeofday.  */
| #define fesetprecision innocuous_fesetprecision
| 
| /* System header to define __stub macros and hopefully few prototypes,
|     which can conflict with char fesetprecision (); below.
|     Prefer <limits.h> to <assert.h> if __STDC__ is defined, since
|     <limits.h> exists even on freestanding compilers.  */
| 
| #ifdef __STDC__
| # include <limits.h>
| #else
| # include <assert.h>
| #endif
| 
| #undef fesetprecision
| 
| /* Override any GCC internal prototype to avoid an error.
|    Use char because int might match the return type of a GCC
|    builtin and then its argument prototype would still apply.  */
| #ifdef __cplusplus
| extern "C"
| #endif
| char fesetprecision ();
| /* The GNU C library defines this for functions which it implements
|     to always fail with ENOSYS.  Some functions are actually named
|     something starting with __ and the normal name is an alias.  */
| #if defined __stub_fesetprecision || defined __stub___fesetprecision
| choke me
| #endif
| 
| int
| main ()
| {
| return fesetprecision ();
|   ;
|   return 0;
| }
configure:7928: result: no
configure:7928: checking for feenableexcept
configure:7928: gcc -o conftest -g -O2   conftest.c -lm  >&5
configure:7928: $? = 0
configure:7928: result: yes
configure:7928: checking for getrusage
configure:7928: gcc -o conftest -g -O2   conftest.c -lm  >&5
configure:7928: $? = 0
configure:7928: result: yes
configure:7928: checking for sbrk
configure:7928: gcc -o conftest -g -O2   conftest.c -lm  >&5
configure:7928: $? = 0
configure:7928: result: yes
configure:7928: checking for snprintf
configure:7928: gcc -o conftest -g -O2   conftest.c -lm  >&5
conftest.c:75:6: warning: conflicting types for built-in function 'snprintf'; expected 'int(char *, long unsigned int,  const char *, ...)' [-Wbuiltin-declaration-mismatch]
   75 | char snprintf ();
      |      ^~~~~~~~
conftest.c:63:1: note: 'snprintf' is declared in header '<stdio.h>'
   62 | # include <limits.h>
   63 | #else
configure:7928: $? = 0
configure:7928: result: yes
configure:7938: checking return type of random
configure:7956: gcc -o conftest -g -O2   conftest.c -lm  >&5
conftest.c:56:1: warning: return type defaults to 'int' [-Wimplicit-int]
   56 | main() { exit(0); }
      | ^~~~
configure:7956: $? = 0
configure:7956: ./conftest
configure:7956: $? = 0
configure:7957: result: long
configure:7974: checking for int8_t
configure:7974: gcc -c -g -O2  conftest.c >&5
configure:7974: $? = 0
configure:7974: gcc -c -g -O2  conftest.c >&5
conftest.c: In function 'main':
conftest.c:90:21: error: expected expression before ')' token
   90 | if (sizeof ((int8_t)))
      |                     ^
configure:7974: $? = 1
configure: failed program was:
| /* confdefs.h */
| #define PACKAGE_NAME ""
| #define PACKAGE_TARNAME ""
| #define PACKAGE_VERSION ""
| #define PACKAGE_STRING ""
| #define PACKAGE_BUGREPORT ""
| #define PACKAGE_URL ""
| #define STDC_HEADERS 1
| #define HAVE_SYS_TYPES_H 1
| #define HAVE_SYS_STAT_H 1
| #define HAVE_STDLIB_H 1
| #define HAVE_STRING_H 1
| #define HAVE_MEMORY_H 1
| #define HAVE_STRINGS_H 1
| #define HAVE_INTTYPES_H 1
| #define HAVE_STDINT_H 1
| #define HAVE_UNISTD_H 1
| #define __EXTENSIONS__ 1
| #define _ALL_SOURCE 1
| #define _GNU_SOURCE 1
| #define _POSIX_PTHREAD_SEMANTICS 1
| #define _TANDEM_SOURCE 1
| #define STDC_HEADERS 1
| #define HAVE_STRING_H 1
| #define HAVE_STL 1
| #define CPP_REQUIRES_NAMESPACE 1
| #define HAVE_TCL_H 1
| #define HAVE_TCLINT_H 1
| #define HAVE_LIBTCL8_6 1
| #define HAVE_TK_H 1
| #define HAVE_LIBTK8_6 1
| #define HAVE_OTCL_H 1
| #define HAVE_LIBOTCL1_14 1
| #define HAVE_TCLCL_H 1
| #define HAVE_LIBTCLCL 1
| #define STDC_HEADERS 1
| #define HAVE_ARPA_INET_H 1
| #define HAVE_FENV_H 1
| #define HAVE_NETINET_IN_H 1
| #define HAVE_STRING_H 1
| #define HAVE_STRINGS_H 1
| #define HAVE_TIME_H 1
| #define HAVE_UNISTD_H 1
| #define HAVE_NET_ETHERNET_H 1
| #define HAVE_LIBM 1
| #define HAVE_BCOPY 1
| #define HAVE_BZERO 1
| #define HAVE_FEENABLEEXCEPT 1
| #define HAVE_GETRUSAGE 1
| #define HAVE_SBRK 1
| #define HAVE_SNPRINTF 1
| #define RANDOM_RETURN_TYPE long
| /* end confdefs.h.  */
| #include <stdio.h>
| #ifdef HAVE_SYS_TYPES_H
| # include <sys/types.h>
| #endif
| #ifdef HAVE_SYS_STAT_H
| # include <sys/stat.h>
| #endif
| #ifdef STDC_HEADERS
| # include <stdlib.h>
| # include <stddef.h>
| #else
| # ifdef HAVE_STDLIB_H
| #  include <stdlib.h>
| # endif
| #endif
| #ifdef HAVE_STRING_H
| # if !defined STDC_HEADERS && defined HAVE_MEMORY_H
| #  include <memory.h>
| # endif
| # include <string.h>
| #endif
| #ifdef HAVE_STRINGS_H
| # include <strings.h>
| #endif
| #ifdef HAVE_INTTYPES_H
| # include <inttypes.h>
| #endif
| #ifdef HAVE_STDINT_H
| # include <stdint.h>
| #endif
| #ifdef HAVE_UNISTD_H
| # include <unistd.h>
| #endif
| int
| main ()
| {
| if (sizeof ((int8_t)))
| 	    return 0;
|   ;
|   return 0;
| }
configure:7974: result: yes
configure:7985: checking for int16_t
configure:7985: gcc -c -g -O2  conftest.c >&5
configure:7985: $? = 0
configure:7985: gcc -c -g -O2  conftest.c >&5
conftest.c: In function 'main':
conftest.c:90:22: error: expected expression before ')' token
   90 | if (sizeof ((int16_t)))
      |                      ^
configure:7985: $? = 1
configure: failed program was:
| /* confdefs.h */
| #define PACKAGE_NAME ""
| #define PACKAGE_TARNAME ""
| #define PACKAGE_VERSION ""
| #define PACKAGE_STRING ""
| #define PACKAGE_BUGREPORT ""
| #define PACKAGE_URL ""
| #define STDC_HEADERS 1
| #define HAVE_SYS_TYPES_H 1
| #define HAVE_SYS_STAT_H 1
| #define HAVE_STDLIB_H 1
| #define HAVE_STRING_H 1
| #define HAVE_MEMORY_H 1
| #define HAVE_STRINGS_H 1
| #define HAVE_INTTYPES_H 1
| #define HAVE_STDINT_H 1
| #define HAVE_UNISTD_H 1
| #define __EXTENSIONS__ 1
| #define _ALL_SOURCE 1
| #define _GNU_SOURCE 1
| #define _POSIX_PTHREAD_SEMANTICS 1
| #define _TANDEM_SOURCE 1
| #define STDC_HEADERS 1
| #define HAVE_STRING_H 1
| #define HAVE_STL 1
| #define CPP_REQUIRES_NAMESPACE 1
| #define HAVE_TCL_H 1
| #define HAVE_TCLINT_H 1
| #define HAVE_LIBTCL8_6 1
| #define HAVE_TK_H 1
| #define HAVE_LIBTK8_6 1
| #define HAVE_OTCL_H 1
| #define HAVE_LIBOTCL1_14 1
| #define HAVE_TCLCL_H 1
| #define HAVE_LIBTCLCL 1
| #define STDC_HEADERS 1
| #define HAVE_ARPA_INET_H 1
| #define HAVE_FENV_H 1
| #define HAVE_NETINET_IN_H 1
| #define HAVE_STRING_H 1
| #define HAVE_STRINGS_H 1
| #define HAVE_TIME_H 1
| #define HAVE_UNISTD_H 1
| #define HAVE_NET_ETHERNET_H 1
| #define HAVE_LIBM 1
| #define HAVE_BCOPY 1
| #define HAVE_BZERO 1
| #define HAVE_FEENABLEEXCEPT 1
| #define HAVE_GETRUSAGE 1
| #define HAVE_SBRK 1
| #define HAVE_SNPRINTF 1
| #define RANDOM_RETURN_TYPE long
| /* end confdefs.h.  */
| #include <stdio.h>
| #ifdef HAVE_SYS_TYPES_H
| # include <sys/types.h>
| #endif
| #ifdef HAVE_SYS_STAT_H
| # include <sys/stat.h>
| #endif
| #ifdef STDC_HEADERS
| # include <stdlib.h>
| # include <stddef.h>
| #else
| # ifdef HAVE_STDLIB_H
| #  include <stdlib.h>
| # endif
| #endif
| #ifdef HAVE_STRING_H
| # if !defined STDC_HEADERS && defined HAVE_MEMORY_H
| #  include <memory.h>
| # endif
| # include <string.h>
| #endif
| #ifdef HAVE_STRINGS_H
| # include <strings.h>
| #endif
| #ifdef HAVE_INTTYPES_H
| # include <inttypes.h>
| #endif
| #ifdef HAVE_STDINT_H
| # include <stdint.h>
| #endif
| #ifdef HAVE_UNISTD_H
| # include <unistd.h>
| #endif
| int
| main ()
| {
| if (sizeof ((int16_t)))
| 	    return 0;
|   ;
|   return 0;
| }
configure:7985: result: yes
configure:7996: checking for int32_t
configure:7996: gcc -c -g -O2  conftest.c >&5
configure:7996: $? = 0
configure:7996: gcc -c -g -O2  conftest.c >&5
conftest.c: In function 'main':
conftest.c:90:22: error: expected expression before ')' token
   90 | if (sizeof ((int32_t)))
      |                      ^
configure:7996: $? = 1
configure: failed program was:
| /* confdefs.h */
| #define PACKAGE_NAME ""
| #define PACKAGE_TARNAME ""
| #define PACKAGE_VERSION ""
| #define PACKAGE_STRING ""
| #define PACKAGE_BUGREPORT ""
| #define PACKAGE_URL ""
| #define STDC_HEADERS 1
| #define HAVE_SYS_TYPES_H 1
| #define HAVE_SYS_STAT_H 1
| #define HAVE_STDLIB_H 1
| #define HAVE_STRING_H 1
| #define HAVE_MEMORY_H 1
| #define HAVE_STRINGS_H 1
| #define HAVE_INTTYPES_H 1
| #define HAVE_STDINT_H 1
| #define HAVE_UNISTD_H 1
| #define __EXTENSIONS__ 1
| #define _ALL_SOURCE 1
| #define _GNU_SOURCE 1
| #define _POSIX_PTHREAD_SEMANTICS 1
| #define _TANDEM_SOURCE 1
| #define STDC_HEADERS 1
| #define HAVE_STRING_H 1
| #define HAVE_STL 1
| #define CPP_REQUIRES_NAMESPACE 1
| #define HAVE_TCL_H 1
| #define HAVE_TCLINT_H 1
| #define HAVE_LIBTCL8_6 1
| #define HAVE_TK_H 1
| #define HAVE_LIBTK8_6 1
| #define HAVE_OTCL_H 1
| #define HAVE_LIBOTCL1_14 1
| #define HAVE_TCLCL_H 1
| #define HAVE_LIBTCLCL 1
| #define STDC_HEADERS 1
| #define HAVE_ARPA_INET_H 1
| #define HAVE_FENV_H 1
| #define HAVE_NETINET_IN_H 1
| #define HAVE_STRING_H 1
| #define HAVE_STRINGS_H 1
| #define HAVE_TIME_H 1
| #define HAVE_UNISTD_H 1
| #define HAVE_NET_ETHERNET_H 1
| #define HAVE_LIBM 1
| #define HAVE_BCOPY 1
| #define HAVE_BZERO 1
| #define HAVE_FEENABLEEXCEPT 1
| #define HAVE_GETRUSAGE 1
| #define HAVE_SBRK 1
| #define HAVE_SNPRINTF 1
| #define RANDOM_RETURN_TYPE long
| /* end confdefs.h.  */
| #include <stdio.h>
| #ifdef HAVE_SYS_TYPES_H
| # include <sys/types.h>
| #endif
| #ifdef HAVE_SYS_STAT_H
| # include <sys/stat.h>
| #endif
| #ifdef STDC_HEADERS
| # include <stdlib.h>
| # include <stddef.h>
| #else
| # ifdef HAVE_STDLIB_H
| #  include <stdlib.h>
| # endif
| #endif
| #ifdef HAVE_STRING_H
| # if !defined STDC_HEADERS && defined HAVE_MEMORY_H
| #  include <memory.h>
| # endif
| # include <string.h>
| #endif
| #ifdef HAVE_STRINGS_H
| # include <strings.h>
| #endif
| #ifdef HAVE_INTTYPES_H
| # include <inttypes.h>
| #endif
| #ifdef HAVE_STDINT_H
| # include <stdint.h>
| #endif
| #ifdef HAVE_UNISTD_H
| # include <unistd.h>
| #endif
| int
| main ()
| {
| if (sizeof ((int32_t)))
| 	    return 0;
|   ;
|   return 0;
| }
configure:7996: result: yes
configure:8007: checking for u_int8_t
configure:8007: gcc -c -g -O2  conftest.c >&5
configure:8007: $? = 0
configure:8007: gcc -c -g -O2  conftest.c >&5
conftest.c: In function 'main':
conftest.c:90:23: error: expected expression before ')' token
   90 | if (sizeof ((u_int8_t)))
      |                       ^
configure:8007: $? = 1
configure: failed program was:
| /* confdefs.h */
| #define PACKAGE_NAME ""
| #define PACKAGE_TARNAME ""
| #define PACKAGE_VERSION ""
| #define PACKAGE_STRING ""
| #define PACKAGE_BUGREPORT ""
| #define PACKAGE_URL ""
| #define STDC_HEADERS 1
| #define HAVE_SYS_TYPES_H 1
| #define HAVE_SYS_STAT_H 1
| #define HAVE_STDLIB_H 1
| #define HAVE_STRING_H 1
| #define HAVE_MEMORY_H 1
| #define HAVE_STRINGS_H 1
| #define HAVE_INTTYPES_H 1
| #define HAVE_STDINT_H 1
| #define HAVE_UNISTD_H 1
| #define __EXTENSIONS__ 1
| #define _ALL_SOURCE 1
| #define _GNU_SOURCE 1
| #define _POSIX_PTHREAD_SEMANTICS 1
| #define _TANDEM_SOURCE 1
| #define STDC_HEADERS 1
| #define HAVE_STRING_H 1
| #define HAVE_STL 1
| #define CPP_REQUIRES_NAMESPACE 1
| #define HAVE_TCL_H 1
| #define HAVE_TCLINT_H 1
| #define HAVE_LIBTCL8_6 1
| #define HAVE_TK_H 1
| #define HAVE_LIBTK8_6 1
| #define HAVE_OTCL_H 1
| #define HAVE_LIBOTCL1_14 1
| #define HAVE_TCLCL_H 1
| #define HAVE_LIBTCLCL 1
| #define STDC_HEADERS 1
| #define HAVE_ARPA_INET_H 1
| #define HAVE_FENV_H 1
| #define HAVE_NETINET_IN_H 1
| #define HAVE_STRING_H 1
| #define HAVE_STRINGS_H 1
| #define HAVE_TIME_H 1
| #define HAVE_UNISTD_H 1
| #define HAVE_NET_ETHERNET_H 1
| #define HAVE_LIBM 1
| #define HAVE_BCOPY 1
| #define HAVE_BZERO 1
| #define HAVE_FEENABLEEXCEPT 1
| #define HAVE_GETRUSAGE 1
| #define HAVE_SBRK 1
| #define HAVE_SNPRINTF 1
| #define RANDOM_RETURN_TYPE long
| /* end confdefs.h.  */
| #include <stdio.h>
| #ifdef HAVE_SYS_TYPES_H
| # include <sys/types.h>
| #endif
| #ifdef HAVE_SYS_STAT_H
| # include <sys/stat.h>
| #endif
| #ifdef STDC_HEADERS
| # include <stdlib.h>
| # include <stddef.h>
| #else
| # ifdef HAVE_STDLIB_H
| #  include <stdlib.h>
| # endif
| #endif
| #ifdef HAVE_STRING_H
| # if !defined STDC_HEADERS && defined HAVE_MEMORY_H
| #  include <memory.h>
| # endif
| # include <string.h>
| #endif
| #ifdef HAVE_STRINGS_H
| # include <strings.h>
| #endif
| #ifdef HAVE_INTTYPES_H
| # include <inttypes.h>
| #endif
| #ifdef HAVE_STDINT_H
| # include <stdint.h>
| #endif
| #ifdef HAVE_UNISTD_H
| # include <unistd.h>
| #endif
| int
| main ()
| {
| if (sizeof ((u_int8_t)))
| 	    return 0;
|   ;
|   return 0;
| }
configure:8007: result: yes
configure:8018: checking for u_int16_t
configure:8018: gcc -c -g -O2  conftest.c >&5
configure:8018: $? = 0
configure:8018: gcc -c -g -O2  conftest.c >&5
conftest.c: In function 'main':
conftest.c:90:24: error: expected expression before ')' token
   90 | if (sizeof ((u_int16_t)))
      |                        ^
configure:8018: $? = 1
configure: failed program was:
| /* confdefs.h */
| #define PACKAGE_NAME ""
| #define PACKAGE_TARNAME ""
| #define PACKAGE_VERSION ""
| #define PACKAGE_STRING ""
| #define PACKAGE_BUGREPORT ""
| #define PACKAGE_URL ""
| #define STDC_HEADERS 1
| #define HAVE_SYS_TYPES_H 1
| #define HAVE_SYS_STAT_H 1
| #define HAVE_STDLIB_H 1
| #define HAVE_STRING_H 1
| #define HAVE_MEMORY_H 1
| #define HAVE_STRINGS_H 1
| #define HAVE_INTTYPES_H 1
| #define HAVE_STDINT_H 1
| #define HAVE_UNISTD_H 1
| #define __EXTENSIONS__ 1
| #define _ALL_SOURCE 1
| #define _GNU_SOURCE 1
| #define _POSIX_PTHREAD_SEMANTICS 1
| #define _TANDEM_SOURCE 1
| #define STDC_HEADERS 1
| #define HAVE_STRING_H 1
| #define HAVE_STL 1
| #define CPP_REQUIRES_NAMESPACE 1
| #define HAVE_TCL_H 1
| #define HAVE_TCLINT_H 1
| #define HAVE_LIBTCL8_6 1
| #define HAVE_TK_H 1
| #define HAVE_LIBTK8_6 1
| #define HAVE_OTCL_H 1
| #define HAVE_LIBOTCL1_14 1
| #define HAVE_TCLCL_H 1
| #define HAVE_LIBTCLCL 1
| #define STDC_HEADERS 1
| #define HAVE_ARPA_INET_H 1
| #define HAVE_FENV_H 1
| #define HAVE_NETINET_IN_H 1
| #define HAVE_STRING_H 1
| #define HAVE_STRINGS_H 1
| #define HAVE_TIME_H 1
| #define HAVE_UNISTD_H 1
| #define HAVE_NET_ETHERNET_H 1
| #define HAVE_LIBM 1
| #define HAVE_BCOPY 1
| #define HAVE_BZERO 1
| #define HAVE_FEENABLEEXCEPT 1
| #define HAVE_GETRUSAGE 1
| #define HAVE_SBRK 1
| #define HAVE_SNPRINTF 1
| #define RANDOM_RETURN_TYPE long
| /* end confdefs.h.  */
| #include <stdio.h>
| #ifdef HAVE_SYS_TYPES_H
| # include <sys/types.h>
| #endif
| #ifdef HAVE_SYS_STAT_H
| # include <sys/stat.h>
| #endif
| #ifdef STDC_HEADERS
| # include <stdlib.h>
| # include <stddef.h>
| #else
| # ifdef HAVE_STDLIB_H
| #  include <stdlib.h>
| # endif
| #endif
| #ifdef HAVE_STRING_H
| # if !defined STDC_HEADERS && defined HAVE_MEMORY_H
| #  include <memory.h>
| # endif
| # include <string.h>
| #endif
| #ifdef HAVE_STRINGS_H
| # include <strings.h>
| #endif
| #ifdef HAVE_INTTYPES_H
| # include <inttypes.h>
| #endif
| #ifdef HAVE_STDINT_H
| # include <stdint.h>
| #endif
| #ifdef HAVE_UNISTD_H
| # include <unistd.h>
| #endif
| int
| main ()
| {
| if (sizeof ((u_int16_t)))
| 	    return 0;
|   ;
|   return 0;
| }
configure:8018: result: yes
configure:8029: checking for u_int32_t
configure:8029: gcc -c -g -O2  conftest.c >&5
configure:8029: $? = 0
configure:8029: gcc -c -g -O2  conftest.c >&5
conftest.c: In function 'main':
conftest.c:90:24: error: expected expression before ')' token
   90 | if (sizeof ((u_int32_t)))
      |                        ^
configure:8029: $? = 1
configure: failed program was:
| /* confdefs.h */
| #define PACKAGE_NAME ""
| #define PACKAGE_TARNAME ""
| #define PACKAGE_VERSION ""
| #define PACKAGE_STRING ""
| #define PACKAGE_BUGREPORT ""
| #define PACKAGE_URL ""
| #define STDC_HEADERS 1
| #define HAVE_SYS_TYPES_H 1
| #define HAVE_SYS_STAT_H 1
| #define HAVE_STDLIB_H 1
| #define HAVE_STRING_H 1
| #define HAVE_MEMORY_H 1
| #define HAVE_STRINGS_H 1
| #define HAVE_INTTYPES_H 1
| #define HAVE_STDINT_H 1
| #define HAVE_UNISTD_H 1
| #define __EXTENSIONS__ 1
| #define _ALL_SOURCE 1
| #define _GNU_SOURCE 1
| #define _POSIX_PTHREAD_SEMANTICS 1
| #define _TANDEM_SOURCE 1
| #define STDC_HEADERS 1
| #define HAVE_STRING_H 1
| #define HAVE_STL 1
| #define CPP_REQUIRES_NAMESPACE 1
| #define HAVE_TCL_H 1
| #define HAVE_TCLINT_H 1
| #define HAVE_LIBTCL8_6 1
| #define HAVE_TK_H 1
| #define HAVE_LIBTK8_6 1
| #define HAVE_OTCL_H 1
| #define HAVE_LIBOTCL1_14 1
| #define HAVE_TCLCL_H 1
| #define HAVE_LIBTCLCL 1
| #define STDC_HEADERS 1
| #define HAVE_ARPA_INET_H 1
| #define HAVE_FENV_H 1
| #define HAVE_NETINET_IN_H 1
| #define HAVE_STRING_H 1
| #define HAVE_STRINGS_H 1
| #define HAVE_TIME_H 1
| #define HAVE_UNISTD_H 1
| #define HAVE_NET_ETHERNET_H 1
| #define HAVE_LIBM 1
| #define HAVE_BCOPY 1
| #define HAVE_BZERO 1
| #define HAVE_FEENABLEEXCEPT 1
| #define HAVE_GETRUSAGE 1
| #define HAVE_SBRK 1
| #define HAVE_SNPRINTF 1
| #define RANDOM_RETURN_TYPE long
| /* end confdefs.h.  */
| #include <stdio.h>
| #ifdef HAVE_SYS_TYPES_H
| # include <sys/types.h>
| #endif
| #ifdef HAVE_SYS_STAT_H
| # include <sys/stat.h>
| #endif
| #ifdef STDC_HEADERS
| # include <stdlib.h>
| # include <stddef.h>
| #else
| # ifdef HAVE_STDLIB_H
| #  include <stdlib.h>
| # endif
| #endif
| #ifdef HAVE_STRING_H
| # if !defined STDC_HEADERS && defined HAVE_MEMORY_H
| #  include <memory.h>
| # endif
| # include <string.h>
| #endif
| #ifdef HAVE_STRINGS_H
| # include <strings.h>
| #endif
| #ifdef HAVE_INTTYPES_H
| # include <inttypes.h>
| #endif
| #ifdef HAVE_STDINT_H
| # include <stdint.h>
| #endif
| #ifdef HAVE_UNISTD_H
| # include <unistd.h>
| #endif
| int
| main ()
| {
| if (sizeof ((u_int32_t)))
| 	    return 0;
|   ;
|   return 0;
| }
configure:8029: result: yes
configure:8040: checking for u_char
configure:8040: gcc -c -g -O2  conftest.c >&5
configure:8040: $? = 0
configure:8040: gcc -c -g -O2  conftest.c >&5
conftest.c: In function 'main':
conftest.c:90:21: error: expected expression before ')' token
   90 | if (sizeof ((u_char)))
      |                     ^
configure:8040: $? = 1
configure: failed program was:
| /* confdefs.h */
| #define PACKAGE_NAME ""
| #define PACKAGE_TARNAME ""
| #define PACKAGE_VERSION ""
| #define PACKAGE_STRING ""
| #define PACKAGE_BUGREPORT ""
| #define PACKAGE_URL ""
| #define STDC_HEADERS 1
| #define HAVE_SYS_TYPES_H 1
| #define HAVE_SYS_STAT_H 1
| #define HAVE_STDLIB_H 1
| #define HAVE_STRING_H 1
| #define HAVE_MEMORY_H 1
| #define HAVE_STRINGS_H 1
| #define HAVE_INTTYPES_H 1
| #define HAVE_STDINT_H 1
| #define HAVE_UNISTD_H 1
| #define __EXTENSIONS__ 1
| #define _ALL_SOURCE 1
| #define _GNU_SOURCE 1
| #define _POSIX_PTHREAD_SEMANTICS 1
| #define _TANDEM_SOURCE 1
| #define STDC_HEADERS 1
| #define HAVE_STRING_H 1
| #define HAVE_STL 1
| #define CPP_REQUIRES_NAMESPACE 1
| #define HAVE_TCL_H 1
| #define HAVE_TCLINT_H 1
| #define HAVE_LIBTCL8_6 1
| #define HAVE_TK_H 1
| #define HAVE_LIBTK8_6 1
| #define HAVE_OTCL_H 1
| #define HAVE_LIBOTCL1_14 1
| #define HAVE_TCLCL_H 1
| #define HAVE_LIBTCLCL 1
| #define STDC_HEADERS 1
| #define HAVE_ARPA_INET_H 1
| #define HAVE_FENV_H 1
| #define HAVE_NETINET_IN_H 1
| #define HAVE_STRING_H 1
| #define HAVE_STRINGS_H 1
| #define HAVE_TIME_H 1
| #define HAVE_UNISTD_H 1
| #define HAVE_NET_ETHERNET_H 1
| #define HAVE_LIBM 1
| #define HAVE_BCOPY 1
| #define HAVE_BZERO 1
| #define HAVE_FEENABLEEXCEPT 1
| #define HAVE_GETRUSAGE 1
| #define HAVE_SBRK 1
| #define HAVE_SNPRINTF 1
| #define RANDOM_RETURN_TYPE long
| /* end confdefs.h.  */
| #include <stdio.h>
| #ifdef HAVE_SYS_TYPES_H
| # include <sys/types.h>
| #endif
| #ifdef HAVE_SYS_STAT_H
| # include <sys/stat.h>
| #endif
| #ifdef STDC_HEADERS
| # include <stdlib.h>
| # include <stddef.h>
| #else
| # ifdef HAVE_STDLIB_H
| #  include <stdlib.h>
| # endif
| #endif
| #ifdef HAVE_STRING_H
| # if !defined STDC_HEADERS && defined HAVE_MEMORY_H
| #  include <memory.h>
| # endif
| # include <string.h>
| #endif
| #ifdef HAVE_STRINGS_H
| # include <strings.h>
| #endif
| #ifdef HAVE_INTTYPES_H
| # include <inttypes.h>
| #endif
| #ifdef HAVE_STDINT_H
| # include <stdint.h>
| #endif
| #ifdef HAVE_UNISTD_H
| # include <unistd.h>
| #endif
| int
| main ()
| {
| if (sizeof ((u_char)))
| 	    return 0;
|   ;
|   return 0;
| }
configure:8040: result: yes
configure:8051: checking for u_int
configure:8051: gcc -c -g -O2  conftest.c >&5
configure:8051: $? = 0
configure:8051: gcc -c -g -O2  conftest.c >&5
conftest.c: In function 'main':
conftest.c:90:20: error: expected expression before ')' token
   90 | if (sizeof ((u_int)))
      |                    ^
configure:8051: $? = 1
configure: failed program was:
| /* confdefs.h */
| #define PACKAGE_NAME ""
| #define PACKAGE_TARNAME ""
| #define PACKAGE_VERSION ""
| #define PACKAGE_STRING ""
| #define PACKAGE_BUGREPORT ""
| #define PACKAGE_URL ""
| #define STDC_HEADERS 1
| #define HAVE_SYS_TYPES_H 1
| #define HAVE_SYS_STAT_H 1
| #define HAVE_STDLIB_H 1
| #define HAVE_STRING_H 1
| #define HAVE_MEMORY_H 1
| #define HAVE_STRINGS_H 1
| #define HAVE_INTTYPES_H 1
| #define HAVE_STDINT_H 1
| #define HAVE_UNISTD_H 1
| #define __EXTENSIONS__ 1
| #define _ALL_SOURCE 1
| #define _GNU_SOURCE 1
| #define _POSIX_PTHREAD_SEMANTICS 1
| #define _TANDEM_SOURCE 1
| #define STDC_HEADERS 1
| #define HAVE_STRING_H 1
| #define HAVE_STL 1
| #define CPP_REQUIRES_NAMESPACE 1
| #define HAVE_TCL_H 1
| #define HAVE_TCLINT_H 1
| #define HAVE_LIBTCL8_6 1
| #define HAVE_TK_H 1
| #define HAVE_LIBTK8_6 1
| #define HAVE_OTCL_H 1
| #define HAVE_LIBOTCL1_14 1
| #define HAVE_TCLCL_H 1
| #define HAVE_LIBTCLCL 1
| #define STDC_HEADERS 1
| #define HAVE_ARPA_INET_H 1
| #define HAVE_FENV_H 1
| #define HAVE_NETINET_IN_H 1
| #define HAVE_STRING_H 1
| #define HAVE_STRINGS_H 1
| #define HAVE_TIME_H 1
| #define HAVE_UNISTD_H 1
| #define HAVE_NET_ETHERNET_H 1
| #define HAVE_LIBM 1
| #define HAVE_BCOPY 1
| #define HAVE_BZERO 1
| #define HAVE_FEENABLEEXCEPT 1
| #define HAVE_GETRUSAGE 1
| #define HAVE_SBRK 1
| #define HAVE_SNPRINTF 1
| #define RANDOM_RETURN_TYPE long
| /* end confdefs.h.  */
| #include <stdio.h>
| #ifdef HAVE_SYS_TYPES_H
| # include <sys/types.h>
| #endif
| #ifdef HAVE_SYS_STAT_H
| # include <sys/stat.h>
| #endif
| #ifdef STDC_HEADERS
| # include <stdlib.h>
| # include <stddef.h>
| #else
| # ifdef HAVE_STDLIB_H
| #  include <stdlib.h>
| # endif
| #endif
| #ifdef HAVE_STRING_H
| # if !defined STDC_HEADERS && defined HAVE_MEMORY_H
| #  include <memory.h>
| # endif
| # include <string.h>
| #endif
| #ifdef HAVE_STRINGS_H
| # include <strings.h>
| #endif
| #ifdef HAVE_INTTYPES_H
| # include <inttypes.h>
| #endif
| #ifdef HAVE_STDINT_H
| # include <stdint.h>
| #endif
| #ifdef HAVE_UNISTD_H
| # include <unistd.h>
| #endif
| int
| main ()
| {
| if (sizeof ((u_int)))
| 	    return 0;
|   ;
|   return 0;
| }
configure:8051: result: yes
configure:8067: checking for strtoq
configure:8067: gcc -o conftest -g -O2   conftest.c -lm  >&5
configure:8067: $? = 0
configure:8067: result: yes
configure:8067: checking for strtoll
configure:8067: gcc -o conftest -g -O2   conftest.c -lm  >&5
configure:8067: $? = 0
configure:8067: result: yes
configure:8085: checking size of long
configure:8090: gcc -o conftest -g -O2   conftest.c -lm  >&5
configure:8090: $? = 0
configure:8090: ./conftest
configure:8090: $? = 0
configure:8104: result: 8
configure:8117: checking for strtol
configure:8117: gcc -o conftest -g -O2   conftest.c -lm  >&5
configure:8117: $? = 0
configure:8117: result: yes
configure:8124: checking for __int64_t
configure:8139: gcc -o conftest -g -O2   conftest.c -lm  >&5
conftest.c:58:1: warning: return type defaults to 'int' [-Wimplicit-int]
   58 | main() { __int64_t x; exit (sizeof(x) >= 8 ? 0 : 1); }
      | ^~~~
conftest.c: In function 'main':
conftest.c:58:10: error: unknown type name '__int64_t'; did you mean '__int128_t'?
   58 | main() { __int64_t x; exit (sizeof(x) >= 8 ? 0 : 1); }
      |          ^~~~~~~~~
      |          __int128_t
conftest.c:58:23: warning: implicit declaration of function 'exit' [-Wimplicit-function-declaration]
   58 | main() { __int64_t x; exit (sizeof(x) >= 8 ? 0 : 1); }
      |                       ^~~~
conftest.c:58:23: warning: incompatible implicit declaration of built-in function 'exit'
conftest.c:1:1: note: include '<stdlib.h>' or provide a declaration of 'exit'
  +++ |+#include <stdlib.h>
    1 | /* confdefs.h */
configure:8139: $? = 1
configure: program exited with status 1
configure: failed program was:
| /* confdefs.h */
| #define PACKAGE_NAME ""
| #define PACKAGE_TARNAME ""
| #define PACKAGE_VERSION ""
| #define PACKAGE_STRING ""
| #define PACKAGE_BUGREPORT ""
| #define PACKAGE_URL ""
| #define STDC_HEADERS 1
| #define HAVE_SYS_TYPES_H 1
| #define HAVE_SYS_STAT_H 1
| #define HAVE_STDLIB_H 1
| #define HAVE_STRING_H 1
| #define HAVE_MEMORY_H 1
| #define HAVE_STRINGS_H 1
| #define HAVE_INTTYPES_H 1
| #define HAVE_STDINT_H 1
| #define HAVE_UNISTD_H 1
| #define __EXTENSIONS__ 1
| #define _ALL_SOURCE 1
| #define _GNU_SOURCE 1
| #define _POSIX_PTHREAD_SEMANTICS 1
| #define _TANDEM_SOURCE 1
| #define STDC_HEADERS 1
| #define HAVE_STRING_H 1
| #define HAVE_STL 1
| #define CPP_REQUIRES_NAMESPACE 1
| #define HAVE_TCL_H 1
| #define HAVE_TCLINT_H 1
| #define HAVE_LIBTCL8_6 1
| #define HAVE_TK_H 1
| #define HAVE_LIBTK8_6 1
| #define HAVE_OTCL_H 1
| #define HAVE_LIBOTCL1_14 1
| #define HAVE_TCLCL_H 1
| #define HAVE_LIBTCLCL 1
| #define STDC_HEADERS 1
| #define HAVE_ARPA_INET_H 1
| #define HAVE_FENV_H 1
| #define HAVE_NETINET_IN_H 1
| #define HAVE_STRING_H 1
| #define HAVE_STRINGS_H 1
| #define HAVE_TIME_H 1
| #define HAVE_UNISTD_H 1
| #define HAVE_NET_ETHERNET_H 1
| #define HAVE_LIBM 1
| #define HAVE_BCOPY 1
| #define HAVE_BZERO 1
| #define HAVE_FEENABLEEXCEPT 1
| #define HAVE_GETRUSAGE 1
| #define HAVE_SBRK 1
| #define HAVE_SNPRINTF 1
| #define RANDOM_RETURN_TYPE long
| #define HAVE_STRTOQ 1
| #define HAVE_STRTOLL 1
| #define SIZEOF_LONG 8
| /* end confdefs.h.  */
| 
| main() { __int64_t x; exit (sizeof(x) >= 8 ? 0 : 1); }
| 
configure:8149: result: no
configure:8155: checking for long long
configure:8170: gcc -o conftest -g -O2   conftest.c -lm  >&5
conftest.c:58:1: warning: return type defaults to 'int' [-Wimplicit-int]
   58 | main() { long long x; exit (sizeof(x) >= 8 ? 0 : 1); }
      | ^~~~
conftest.c: In function 'main':
conftest.c:58:23: warning: implicit declaration of function 'exit' [-Wimplicit-function-declaration]
   58 | main() { long long x; exit (sizeof(x) >= 8 ? 0 : 1); }
      |                       ^~~~
conftest.c:58:23: warning: incompatible implicit declaration of built-in function 'exit'
conftest.c:1:1: note: include '<stdlib.h>' or provide a declaration of 'exit'
  +++ |+#include <stdlib.h>
    1 | /* confdefs.h */
configure:8170: $? = 0
configure:8170: ./conftest
configure:8170: $? = 0
configure:8180: result: yes
configure:8188: checking for int64_t
configure:8210: result: yes
configure:8221: checking which kind of 64-bit int to use
configure:8232: result: int64_t
configure:8305: checking system version (for dynamic loading)
configure:8325: result: Linux-5.8.14-arch1-1
configure:8333: checking for dlopen in -ldl
configure:8358: gcc -o conftest -g -O2   conftest.c -ldl  -lm  >&5
configure:8358: $? = 0
configure:8367: result: yes
configure:8783: checking dlfcn.h usability
configure:8783: gcc -c -g -O2  conftest.c >&5
configure:8783: $? = 0
configure:8783: result: yes
configure:8783: checking dlfcn.h presence
configure:8783: gcc -E  conftest.c
configure:8783: $? = 0
configure:8783: result: yes
configure:8783: checking for dlfcn.h
configure:8783: result: yes
configure:8791: checking for ns library name
configure:8794: result: libns.so
configure:8804: checking for struct ether_header
configure:8827: gcc -c -g -O2  conftest.c >&5
configure:8827: $? = 0
configure:8831: result: found
configure:8843: checking for struct ether_addr
configure:8866: gcc -c -g -O2  conftest.c >&5
configure:8866: $? = 0
configure:8870: result: found
configure:8884: checking for addr2ascii
configure:8884: gcc -o conftest -g -O2   -Wl,-export-dynamic conftest.c -lm  >&5
/usr/bin/ld: /tmp/ccTUrIlf.o: in function `main':
/home/slayer/workspace/NS2/ns-allinone-2.35/ns-2.35/conftest.c:94: undefined reference to `addr2ascii'
collect2: error: ld returned 1 exit status
configure:8884: $? = 1
configure: failed program was:
| /* confdefs.h */
| #define PACKAGE_NAME ""
| #define PACKAGE_TARNAME ""
| #define PACKAGE_VERSION ""
| #define PACKAGE_STRING ""
| #define PACKAGE_BUGREPORT ""
| #define PACKAGE_URL ""
| #define STDC_HEADERS 1
| #define HAVE_SYS_TYPES_H 1
| #define HAVE_SYS_STAT_H 1
| #define HAVE_STDLIB_H 1
| #define HAVE_STRING_H 1
| #define HAVE_MEMORY_H 1
| #define HAVE_STRINGS_H 1
| #define HAVE_INTTYPES_H 1
| #define HAVE_STDINT_H 1
| #define HAVE_UNISTD_H 1
| #define __EXTENSIONS__ 1
| #define _ALL_SOURCE 1
| #define _GNU_SOURCE 1
| #define _POSIX_PTHREAD_SEMANTICS 1
| #define _TANDEM_SOURCE 1
| #define STDC_HEADERS 1
| #define HAVE_STRING_H 1
| #define HAVE_STL 1
| #define CPP_REQUIRES_NAMESPACE 1
| #define HAVE_TCL_H 1
| #define HAVE_TCLINT_H 1
| #define HAVE_LIBTCL8_6 1
| #define HAVE_TK_H 1
| #define HAVE_LIBTK8_6 1
| #define HAVE_OTCL_H 1
| #define HAVE_LIBOTCL1_14 1
| #define HAVE_TCLCL_H 1
| #define HAVE_LIBTCLCL 1
| #define STDC_HEADERS 1
| #define HAVE_ARPA_INET_H 1
| #define HAVE_FENV_H 1
| #define HAVE_NETINET_IN_H 1
| #define HAVE_STRING_H 1
| #define HAVE_STRINGS_H 1
| #define HAVE_TIME_H 1
| #define HAVE_UNISTD_H 1
| #define HAVE_NET_ETHERNET_H 1
| #define HAVE_LIBM 1
| #define HAVE_BCOPY 1
| #define HAVE_BZERO 1
| #define HAVE_FEENABLEEXCEPT 1
| #define HAVE_GETRUSAGE 1
| #define HAVE_SBRK 1
| #define HAVE_SNPRINTF 1
| #define RANDOM_RETURN_TYPE long
| #define HAVE_STRTOQ 1
| #define HAVE_STRTOLL 1
| #define SIZEOF_LONG 8
| #define HAVE_INT64 1
| #define HAVE_ETHER_HEADER_STRUCT 1
| #define HAVE_ETHER_ADDRESS_STRUCT 1
| /* end confdefs.h.  */
| /* Define addr2ascii to an innocuous variant, in case <limits.h> declares addr2ascii.
|    For example, HP-UX 11i <limits.h> declares gettimeofday.  */
| #define addr2ascii innocuous_addr2ascii
| 
| /* System header to define __stub macros and hopefully few prototypes,
|     which can conflict with char addr2ascii (); below.
|     Prefer <limits.h> to <assert.h> if __STDC__ is defined, since
|     <limits.h> exists even on freestanding compilers.  */
| 
| #ifdef __STDC__
| # include <limits.h>
| #else
| # include <assert.h>
| #endif
| 
| #undef addr2ascii
| 
| /* Override any GCC internal prototype to avoid an error.
|    Use char because int might match the return type of a GCC
|    builtin and then its argument prototype would still apply.  */
| #ifdef __cplusplus
| extern "C"
| #endif
| char addr2ascii ();
| /* The GNU C library defines this for functions which it implements
|     to always fail with ENOSYS.  Some functions are actually named
|     something starting with __ and the normal name is an alias.  */
| #if defined __stub_addr2ascii || defined __stub___addr2ascii
| choke me
| #endif
| 
| int
| main ()
| {
| return addr2ascii ();
|   ;
|   return 0;
| }
configure:8884: result: no
configure:8909: gcc -o conftest -g -O2   -Wl,-export-dynamic conftest.c -lm  >&5
configure:8909: $? = 0
configure:8909: ./conftest
configure:8909: $? = 0
configure:8921: checking for Linux compliant tcphdr
configure:8945: gcc -c -g -O2  conftest.c >&5
configure:8945: $? = 0
configure:8948: result: found
configure:8960: checking for BSD compliant tcphdr
configure:8984: gcc -c -g -O2  conftest.c >&5
configure:8984: $? = 0
configure:8986: result: found
configure:8998: checking for socklen_t
configure:9016: gcc -c -g -O2  conftest.c >&5
configure:9016: $? = 0
configure:9024: result: yes
configure:9035: checking for main in -lpcap
configure:9054: gcc -o conftest -g -O2   -Wl,-export-dynamic conftest.c -lpcap  -lm  >&5
configure:9054: $? = 0
configure:9063: result: yes
configure:9072: checking to make nse
configure:9076: result: yes
configure:9128: checking for dlopen in -ldl
configure:9162: result: yes
configure:9247: checking system version (for system-dependent libraries)
configure:9267: result: Linux-5.8.14-arch1-1
configure:9362: checking for a BSD-compatible install
configure:9430: result: /usr/bin/install -c
configure:9551: creating ./config.status

## ---------------------- ##
## Running config.status. ##
## ---------------------- ##

This file was extended by config.status, which was
generated by GNU Autoconf 2.68.  Invocation command line was

  CONFIG_FILES    = 
  CONFIG_HEADERS  = 
  CONFIG_LINKS    = 
  CONFIG_COMMANDS = 
  $ ./config.status 

on slayer

config.status:922: creating Makefile
config.status:922: creating tcl/lib/ns-autoconf.tcl
config.status:922: creating indep-utils/webtrace-conv/ucb/Makefile
config.status:922: creating indep-utils/webtrace-conv/dec/Makefile
config.status:922: creating indep-utils/webtrace-conv/nlanr/Makefile
config.status:922: creating indep-utils/webtrace-conv/epa/Makefile
config.status:922: creating indep-utils/cmu-scen-gen/setdest/Makefile
config.status:922: creating autoconf.h
config.status:1097: autoconf.h is unchanged

## ---------------- ##
## Cache variables. ##
## ---------------- ##

ac_cv_build=x86_64-unknown-linux-gnu
ac_cv_c_compiler_gnu=yes
ac_cv_cxx_compiler_gnu=yes
ac_cv_env_CCC_set=
ac_cv_env_CCC_value=
ac_cv_env_CC_set=
ac_cv_env_CC_value=
ac_cv_env_CFLAGS_set=
ac_cv_env_CFLAGS_value=
ac_cv_env_CPPFLAGS_set=
ac_cv_env_CPPFLAGS_value=
ac_cv_env_CPP_set=
ac_cv_env_CPP_value=
ac_cv_env_CXXFLAGS_set=
ac_cv_env_CXXFLAGS_value=
ac_cv_env_CXX_set=
ac_cv_env_CXX_value=
ac_cv_env_LDFLAGS_set=
ac_cv_env_LDFLAGS_value=
ac_cv_env_LIBS_set=
ac_cv_env_LIBS_value=
ac_cv_env_build_alias_set=
ac_cv_env_build_alias_value=
ac_cv_env_host_alias_set=
ac_cv_env_host_alias_value=
ac_cv_env_target_alias_set=
ac_cv_env_target_alias_value=
ac_cv_func_addr2ascii=no
ac_cv_func_bcopy=yes
ac_cv_func_bzero=yes
ac_cv_func_feenableexcept=yes
ac_cv_func_fesetprecision=no
ac_cv_func_getrusage=yes
ac_cv_func_sbrk=yes
ac_cv_func_snprintf=yes
ac_cv_func_strtol=yes
ac_cv_func_strtoll=yes
ac_cv_func_strtoq=yes
ac_cv_header_arpa_inet_h=yes
ac_cv_header_dlfcn_h=yes
ac_cv_header_fenv_h=yes
ac_cv_header_inttypes_h=yes
ac_cv_header_memory_h=yes
ac_cv_header_minix_config_h=no
ac_cv_header_net_ethernet_h=yes
ac_cv_header_netinet_in_h=yes
ac_cv_header_stdc=yes
ac_cv_header_stdint_h=yes
ac_cv_header_stdlib_h=yes
ac_cv_header_string_h=yes
ac_cv_header_strings_h=yes
ac_cv_header_sys_stat_h=yes
ac_cv_header_sys_types_h=yes
ac_cv_header_time_h=yes
ac_cv_header_unistd_h=yes
ac_cv_host=x86_64-unknown-linux-gnu
ac_cv_lib_X11_XOpenDisplay=yes
ac_cv_lib_Xbsd_main=no
ac_cv_lib_Xext_XShmAttach=yes
ac_cv_lib_dl_dlopen=yes
ac_cv_lib_dnet_stub_getnodebyname=no
ac_cv_lib_intl_dcgettext=no
ac_cv_lib_m_main=yes
ac_cv_lib_nsl_gethostbyname=yes
ac_cv_lib_pcap_main=yes
ac_cv_lib_socket_socket=no
ac_cv_objext=o
ac_cv_path_EGREP='/usr/bin/grep -E'
ac_cv_path_GREP=/usr/bin/grep
ac_cv_path_V_TCLSH=/bin/tclsh8.6
ac_cv_path_install='/usr/bin/install -c'
ac_cv_prog_CPP='gcc -E'
ac_cv_prog_ac_ct_CC=gcc
ac_cv_prog_ac_ct_CXX=g++
ac_cv_prog_cc_c89=
ac_cv_prog_cc_g=yes
ac_cv_prog_cxx_g=yes
ac_cv_safe_to_define___extensions__=yes
ac_cv_sizeof_long=8
ac_cv_target=x86_64-unknown-linux-gnu
ac_cv_type_int16_t=yes
ac_cv_type_int32_t=yes
ac_cv_type_int64_t=yes
ac_cv_type_int8_t=yes
ac_cv_type_socklen_t=yes
ac_cv_type_u_char=yes
ac_cv_type_u_int16_t=yes
ac_cv_type_u_int32_t=yes
ac_cv_type_u_int8_t=yes
ac_cv_type_u_int=yes
nsnam_cv_int64_t_HAVE_LONG_LONG=yes
nsnam_cv_int64_t_HAVE___INT64_T=no

## ----------------- ##
## Output variables. ##
## ----------------- ##

CC='gcc'
CFLAGS='-g -O2'
CPP='gcc -E'
CPPFLAGS=''
CPP_NAMESPACE='std'
CXX='g++'
CXXFLAGS='-g -O2'
DEFS='-DHAVE_CONFIG_H'
DL_LD_FLAGS='-rdynamic'
DL_LD_SEARCH_FLAGS=''
DL_LIBS='-ldl'
ECHO_C=''
ECHO_N='-n'
ECHO_T=''
EGREP='/usr/bin/grep -E'
EXEEXT=''
GREP='/usr/bin/grep'
INSTALL_DATA='${INSTALL} -m 644'
INSTALL_PROGRAM='${INSTALL}'
INSTALL_SCRIPT='${INSTALL}'
LDFLAGS=' -Wl,-export-dynamic'
LIBOBJS=''
LIBS='-lm '
LTLIBOBJS=''
NSLIB='libns.so'
OBJEXT='o'
PACKAGE_BUGREPORT=''
PACKAGE_NAME=''
PACKAGE_STRING=''
PACKAGE_TARNAME=''
PACKAGE_URL=''
PACKAGE_VERSION=''
PATH_SEPARATOR=':'
PERL='/usr/bin/perl'
PKG_SHLIB_CFLAGS=''
SHELL='/bin/sh'
SHLIB_CFLAGS='-fPIC'
SHLIB_LD='gcc -shared'
SHLIB_LD_LIBS=''
SHLIB_SUFFIX='.so'
V_ALL=''
V_AR='ar cr'
V_BROKEN_OBJ=''
V_CCOPT=' -Wall -Wno-write-strings'
V_DEFINE='-DTCLCL_CLASSINSTVAR  -DNDEBUG -DLINUX_TCP_HEADER -DUSE_SHM'
V_DEFINES='-DHAVE_LIBTCLCL -DHAVE_TCLCL_H -DHAVE_LIBOTCL1_14 -DHAVE_OTCL_H -DHAVE_LIBTK8_6 -DHAVE_TK_H -DHAVE_LIBTCL8_6 -DHAVE_TCLINT_H -DHAVE_TCL_H '
V_IMPORT_LIBS=''
V_INCLUDE=''
V_INCLUDES='-I/home/slayer/workspace/NS2/ns-allinone-2.35/tclcl-1.20 -I/home/slayer/workspace/NS2/ns-allinone-2.35/otcl -I/home/slayer/workspace/NS2/ns-allinone-2.35/include -I/home/slayer/workspace/NS2/ns-allinone-2.35/include -I/home/slayer/workspace/NS2/ns-allinone-2.35/include -I/usr/include/pcap'
V_INCLUDE_X11=''
V_LIB=' -lnsl -lpcap -ldl'
V_LIBRARY_TCL='../lib/tcl8.5'
V_LIBRARY_TK='../lib/tk8.5'
V_LIBS='-L/home/slayer/workspace/NS2/ns-allinone-2.35/tclcl-1.20 -ltclcl -L/home/slayer/workspace/NS2/ns-allinone-2.35/otcl -lotcl -L/usr/lib64 -ltk8.6 -L/usr/lib64 -ltcl8.6'
V_LIB_OTCL='-L/home/slayer/workspace/NS2/ns-allinone-2.35/otcl -lotcl'
V_LIB_TCL='-L/usr/lib64 -ltcl8.6'
V_LIB_TCLCL='-L/home/slayer/workspace/NS2/ns-allinone-2.35/tclcl-1.20 -ltclcl'
V_LIB_TK='-L/usr/lib64 -ltk8.6'
V_LIB_X11='-lXext -lX11'
V_LSSCRIPT=''
V_NS_TCL_LIB_STL='$(NS_TCL_LIB_STL)'
V_OBJ=''
V_OBJ_CRYPT=''
V_RANLIB='ranlib'
V_SHELL=''
V_SIGRET='void'
V_STATIC=''
V_STLOBJ='$(OBJ_STL)'
V_TARCMD='tar cfh'
V_TAR_EXTRA=''
V_TAR_TARGET='linux-gnu'
V_TCL2CPP='../tclcl-1.20/tcl2c++'
V_TCLSH='/bin/tclsh8.6'
V_TCL_LIBRARY_FILES='$(TCL_BASE_LIBRARY_FILES) ../lib/tcl8.5/http1.0/http.tcl'
V_TKDOSNAMES='$(LIBRARY_TK)/optMenu.tcl $(LIBRARY_TK)/scrlbar.tcl'
ac_ct_CC='gcc'
ac_ct_CXX='g++'
bindir='${exec_prefix}/bin'
build='x86_64-unknown-linux-gnu'
build_alias=''
build_cpu='x86_64'
build_nse='nse'
build_os='linux-gnu'
build_vendor='unknown'
datadir='${datarootdir}'
datarootdir='${prefix}/share'
docdir='${datarootdir}/doc/${PACKAGE}'
dvidir='${docdir}'
exec_prefix='${prefix}'
host='x86_64-unknown-linux-gnu'
host_alias=''
host_cpu='x86_64'
host_os='linux-gnu'
host_vendor='unknown'
htmldir='${docdir}'
includedir='${prefix}/include'
infodir='${datarootdir}/info'
libdir='${exec_prefix}/lib'
libexecdir='${exec_prefix}/libexec'
localedir='${datarootdir}/locale'
localstatedir='${prefix}/var'
mandir='${datarootdir}/man'
oldincludedir='/usr/include'
pdfdir='${docdir}'
prefix='/usr/local'
program_transform_name='s,x,x,'
psdir='${docdir}'
sbindir='${exec_prefix}/sbin'
sharedstatedir='${prefix}/com'
sysconfdir='${prefix}/etc'
target='x86_64-unknown-linux-gnu'
target_alias=''
target_cpu='x86_64'
target_os='linux-gnu'
target_vendor='unknown'

## ----------- ##
## confdefs.h. ##
## ----------- ##

/* confdefs.h */
#define PACKAGE_NAME ""
#define PACKAGE_TARNAME ""
#define PACKAGE_VERSION ""
#define PACKAGE_STRING ""
#define PACKAGE_BUGREPORT ""
#define PACKAGE_URL ""
#define STDC_HEADERS 1
#define HAVE_SYS_TYPES_H 1
#define HAVE_SYS_STAT_H 1
#define HAVE_STDLIB_H 1
#define HAVE_STRING_H 1
#define HAVE_MEMORY_H 1
#define HAVE_STRINGS_H 1
#define HAVE_INTTYPES_H 1
#define HAVE_STDINT_H 1
#define HAVE_UNISTD_H 1
#define __EXTENSIONS__ 1
#define _ALL_SOURCE 1
#define _GNU_SOURCE 1
#define _POSIX_PTHREAD_SEMANTICS 1
#define _TANDEM_SOURCE 1
#define STDC_HEADERS 1
#define HAVE_STRING_H 1
#define HAVE_STL 1
#define CPP_REQUIRES_NAMESPACE 1
#define HAVE_TCL_H 1
#define HAVE_TCLINT_H 1
#define HAVE_LIBTCL8_6 1
#define HAVE_TK_H 1
#define HAVE_LIBTK8_6 1
#define HAVE_OTCL_H 1
#define HAVE_LIBOTCL1_14 1
#define HAVE_TCLCL_H 1
#define HAVE_LIBTCLCL 1
#define STDC_HEADERS 1
#define HAVE_ARPA_INET_H 1
#define HAVE_FENV_H 1
#define HAVE_NETINET_IN_H 1
#define HAVE_STRING_H 1
#define HAVE_STRINGS_H 1
#define HAVE_TIME_H 1
#define HAVE_UNISTD_H 1
#define HAVE_NET_ETHERNET_H 1
#define HAVE_LIBM 1
#define HAVE_BCOPY 1
#define HAVE_BZERO 1
#define HAVE_FEENABLEEXCEPT 1
#define HAVE_GETRUSAGE 1
#define HAVE_SBRK 1
#define HAVE_SNPRINTF 1
#define RANDOM_RETURN_TYPE long
#define HAVE_STRTOQ 1
#define HAVE_STRTOLL 1
#define SIZEOF_LONG 8
#define HAVE_INT64 1
#define HAVE_ETHER_HEADER_STRUCT 1
#define HAVE_ETHER_ADDRESS_STRUCT 1
#define HAVE_SIOCGIFHWADDR 1
#define HAVE_SOCKLEN_T 1

configure: exit 0
